[backblue.gif]
[fade.gif]
[index.html]
[pro2-bar-s3-cdn-cf4.myportfolio.com/9e21c172-a0d6-4948-82c4-4c68e1f79e5e/f5275206-a1d7-46a5-99ba-4abf3887e2ee_carw_1x1x320e47.png]
[pro2-bar-s3-cdn-cf1.myportfolio.com/9e21c172-a0d6-4948-82c4-4c68e1f79e5e/ca39bdc5-e3a9-4d17-923c-be2f79b72b2ff1eb.png]
[use.typekit.net/ik/yj0B7OfSAb51TFN6ilss5wtak15Wl4Gv9baTxsCYQICfeTSffHYEBsJzwD9oFDIDWDba529t5QwowhmRwAID52jajRm8wcbkZcmqZQbXwDjhjRJhwhwu5Q9-RbI7OcuoSeNkieZzde8zOcFzdP37O1gkdDJlic88ikolpWgzS1scdhUTdkoRdh]
[pro2-bar-s3-cdn-cf1.myportfolio.com/9e21c172-a0d6-4948-82c4-4c68e1f79e5e/ca39bdc5-e3a9-4d17-923c-be2f79b72b2f_rw_1200d882.png]
[soobadina.co.uk/site/translationscb21]
[soobadina.co.uk/dist/js/maincb21.js]
[soobadina.co.uk/index.html]
[soobadina.co.uk/dist/css/main.css]
[pro2-bar-s3-cdn-cf3.myportfolio.com/9e21c172-a0d6-4948-82c4-4c68e1f79e5e/ecd92d02-2cfa-4efe-8a98-03fd43d7e646_rwc_0x14x2655x3989x4096ac35.jpg]
[pro2-bar-s3-cdn-cf4.myportfolio.com/9e21c172-a0d6-4948-82c4-4c68e1f79e5e/fe2c8dd591d3c1753e42f69f2cfabedb1620383083c654.css]
[soobadina.co.uk/my-profile.html]
[pro2-bar-s3-cdn-cf.myportfolio.com/9e21c172-a0d6-4948-82c4-4c68e1f79e5e/156ce0a9-d44f-4a77-a87f-058828d65fd4_rwc_19x0x2535x1182x4096ad17.png]
[pro2-bar-s3-cdn-cf2.myportfolio.com/9e21c172-a0d6-4948-82c4-4c68e1f79e5e/3cb071e5-b19a-420e-ac8c-1f81dc906960_rwc_0x0x2450x1837x32a88e.png]
[pro2-bar-s3-cdn-cf.myportfolio.com/9e21c172-a0d6-4948-82c4-4c68e1f79e5e/b1f38d6e-e243-4736-b322-a2983ca06d40_rwc_367x0x1188x891x32d974.png]
[pro2-bar-s3-cdn-cf4.myportfolio.com/9e21c172-a0d6-4948-82c4-4c68e1f79e5e/538d81c5-b7ae-40c5-a706-5dce506049ab_rwc_164x0x2580x1935x3245df.png]
[pro2-bar-s3-cdn-cf.myportfolio.com/9e21c172-a0d6-4948-82c4-4c68e1f79e5e/1fba8ae9-41d0-4f3f-8dd0-74a1f644757c_rwc_283x0x1354x1016x322bfa.png]
[soobadina.co.uk/product.html]
[pro2-bar-s3-cdn-cf3.myportfolio.com/9e21c172-a0d6-4948-82c4-4c68e1f79e5e/4ae5e98e22e82dfa461d71e1e38c6e5016203830838b98.css]
[pro2-bar-s3-cdn-cf.myportfolio.com/9e21c172-a0d6-4948-82c4-4c68e1f79e5e/1f4a2a9b-36b2-4e27-a8d3-58ea049407a8_carw_4x3x3205da.png]
[pro2-bar-s3-cdn-cf2.myportfolio.com/9e21c172-a0d6-4948-82c4-4c68e1f79e5e/315184b8-4997-426e-94c2-f45917884846_rwc_409x457x812x609x32f0a1.png]
[pro2-bar-s3-cdn-cf6.myportfolio.com/9e21c172-a0d6-4948-82c4-4c68e1f79e5e/aa141c22-8c37-4e4d-aa53-52ed9e2ffbf3_carw_4x3x32a163.png]
[pro2-bar-s3-cdn-cf1.myportfolio.com/9e21c172-a0d6-4948-82c4-4c68e1f79e5e/9055f3cd-5683-4e62-95ec-3db531883963_carw_4x3x32a05c.png]
[pro2-bar-s3-cdn-cf4.myportfolio.com/9e21c172-a0d6-4948-82c4-4c68e1f79e5e/fd042a0a-e89c-46d5-992c-0119e761a77d_carw_4x3x3298a9.png]
[pro2-bar-s3-cdn-cf1.myportfolio.com/9e21c172-a0d6-4948-82c4-4c68e1f79e5e/c2bf7c43-1377-4f10-8dfc-cfb764af481b_carw_4x3x321bb1.png]
[pro2-bar-s3-cdn-cf2.myportfolio.com/9e21c172-a0d6-4948-82c4-4c68e1f79e5e/d016bb7e-fb30-44b4-b08c-2e3685fd1e24_carw_4x3x3217a5.png]
[pro2-bar-s3-cdn-cf3.myportfolio.com/9e21c172-a0d6-4948-82c4-4c68e1f79e5e/47c49736-f9d0-45ba-bcee-68be3b50ba32_carw_4x3x329e3e.png]
[soobadina.co.uk/work.html]
[pro2-bar-s3-cdn-cf.myportfolio.com/9e21c172-a0d6-4948-82c4-4c68e1f79e5e/1fba8ae9-41d0-4f3f-8dd0-74a1f644757c_rwc_283x0x1354x1016x13549eb1.png]
[pro2-bar-s3-cdn-cf.myportfolio.com/9e21c172-a0d6-4948-82c4-4c68e1f79e5e/b1f38d6e-e243-4736-b322-a2983ca06d40_rwc_367x0x1188x891x11883d9d.png]
[pro2-bar-s3-cdn-cf4.myportfolio.com/9e21c172-a0d6-4948-82c4-4c68e1f79e5e/538d81c5-b7ae-40c5-a706-5dce506049ab_rwc_164x0x2580x1935x25803bee.png]
[soobadina.co.uk/kudi.html]
[pro2-bar-s3-cdn-cf2.myportfolio.com/9e21c172-a0d6-4948-82c4-4c68e1f79e5e/39d143d5-6d5e-41ab-923b-902284fb91ce7cc7.png]
[pro2-bar-s3-cdn-cf2.myportfolio.com/9e21c172-a0d6-4948-82c4-4c68e1f79e5e/39d143d5-6d5e-41ab-923b-902284fb91ce_rw_1920e544.png]
[pro2-bar-s3-cdn-cf6.myportfolio.com/9e21c172-a0d6-4948-82c4-4c68e1f79e5e/a888a480-a0e7-4568-af9d-82b0805f4e5372c7.png]
[pro2-bar-s3-cdn-cf6.myportfolio.com/9e21c172-a0d6-4948-82c4-4c68e1f79e5e/a888a480-a0e7-4568-af9d-82b0805f4e53_rw_19207149.png]
[pro2-bar-s3-cdn-cf.myportfolio.com/9e21c172-a0d6-4948-82c4-4c68e1f79e5e/1a6a8db2-5456-4ece-bede-53d0a8f6154720ba.png]
[pro2-bar-s3-cdn-cf.myportfolio.com/9e21c172-a0d6-4948-82c4-4c68e1f79e5e/1a6a8db2-5456-4ece-bede-53d0a8f61547_rw_3840d876.png]
[pro2-bar-s3-cdn-cf2.myportfolio.com/9e21c172-a0d6-4948-82c4-4c68e1f79e5e/34ec14e9-24ed-4f08-be32-427bb5488bac88e5.png]
[pro2-bar-s3-cdn-cf2.myportfolio.com/9e21c172-a0d6-4948-82c4-4c68e1f79e5e/34ec14e9-24ed-4f08-be32-427bb5488bac_rw_3840287f.png]
[pro2-bar-s3-cdn-cf2.myportfolio.com/9e21c172-a0d6-4948-82c4-4c68e1f79e5e/d0dc933b-43bf-4cde-8bb2-9a156363a02efd65.png]
[pro2-bar-s3-cdn-cf2.myportfolio.com/9e21c172-a0d6-4948-82c4-4c68e1f79e5e/d0dc933b-43bf-4cde-8bb2-9a156363a02e_rw_38408516.png]
[pro2-bar-s3-cdn-cf6.myportfolio.com/9e21c172-a0d6-4948-82c4-4c68e1f79e5e/700c96e7-48ee-4862-8df2-6eff30ccdf7c80b0.png]
[pro2-bar-s3-cdn-cf6.myportfolio.com/9e21c172-a0d6-4948-82c4-4c68e1f79e5e/700c96e7-48ee-4862-8df2-6eff30ccdf7c_rw_1920d2b7.png]
[pro2-bar-s3-cdn-cf.myportfolio.com/9e21c172-a0d6-4948-82c4-4c68e1f79e5e/110c2dab-99ec-489a-b7db-ab364d0c0ffa824e.png]
[pro2-bar-s3-cdn-cf.myportfolio.com/9e21c172-a0d6-4948-82c4-4c68e1f79e5e/110c2dab-99ec-489a-b7db-ab364d0c0ffa_rw_3840de65.png]
[pro2-bar-s3-cdn-cf1.myportfolio.com/9e21c172-a0d6-4948-82c4-4c68e1f79e5e/911f4e4e-282a-48ea-9db7-b44e9413c50fb62e.png]
[pro2-bar-s3-cdn-cf1.myportfolio.com/9e21c172-a0d6-4948-82c4-4c68e1f79e5e/911f4e4e-282a-48ea-9db7-b44e9413c50f_rw_3840e4eb.png]
[pro2-bar-s3-cdn-cf4.myportfolio.com/9e21c172-a0d6-4948-82c4-4c68e1f79e5e/f4b518fe-dfed-40ff-a869-479916fdcd0c030a.png]
[pro2-bar-s3-cdn-cf4.myportfolio.com/9e21c172-a0d6-4948-82c4-4c68e1f79e5e/f4b518fe-dfed-40ff-a869-479916fdcd0c_rw_384099e2.png]
[pro2-bar-s3-cdn-cf.myportfolio.com/9e21c172-a0d6-4948-82c4-4c68e1f79e5e/beb267bf-1b47-4c58-b2c5-b20cc219b1fdf057.png]
[pro2-bar-s3-cdn-cf.myportfolio.com/9e21c172-a0d6-4948-82c4-4c68e1f79e5e/beb267bf-1b47-4c58-b2c5-b20cc219b1fd_rw_38404ea4.png]
[pro2-bar-s3-cdn-cf1.myportfolio.com/9e21c172-a0d6-4948-82c4-4c68e1f79e5e/2aa93447-de3b-48d3-ac42-434d4ee897531a5b.png]
[pro2-bar-s3-cdn-cf1.myportfolio.com/9e21c172-a0d6-4948-82c4-4c68e1f79e5e/2aa93447-de3b-48d3-ac42-434d4ee89753_rw_38409547.png]
[pro2-bar-s3-cdn-cf3.myportfolio.com/9e21c172-a0d6-4948-82c4-4c68e1f79e5e/ead1c6ba-99c3-43c7-89f9-42b429126af2d8b1.png]
[pro2-bar-s3-cdn-cf3.myportfolio.com/9e21c172-a0d6-4948-82c4-4c68e1f79e5e/ead1c6ba-99c3-43c7-89f9-42b429126af2_rw_384027da.png]
[pro2-bar-s3-cdn-cf1.myportfolio.com/9e21c172-a0d6-4948-82c4-4c68e1f79e5e/c199d63f-2c50-428d-b185-0b696d5952eed5d7.png]
[pro2-bar-s3-cdn-cf1.myportfolio.com/9e21c172-a0d6-4948-82c4-4c68e1f79e5e/c199d63f-2c50-428d-b185-0b696d5952ee_rw_19208984.png]
[pro2-bar-s3-cdn-cf1.myportfolio.com/9e21c172-a0d6-4948-82c4-4c68e1f79e5e/cec0d23e-1201-4923-996a-6edfe3c13fecf20b.png]
[pro2-bar-s3-cdn-cf1.myportfolio.com/9e21c172-a0d6-4948-82c4-4c68e1f79e5e/cec0d23e-1201-4923-996a-6edfe3c13fec_rw_384036c5.png]
[pro2-bar-s3-cdn-cf6.myportfolio.com/9e21c172-a0d6-4948-82c4-4c68e1f79e5e/07202f6d-9396-43a3-81b5-ec402dbff1b277d5.png]
[pro2-bar-s3-cdn-cf6.myportfolio.com/9e21c172-a0d6-4948-82c4-4c68e1f79e5e/07202f6d-9396-43a3-81b5-ec402dbff1b2_rw_3840163d.png]
[pro2-bar-s3-cdn-cf1.myportfolio.com/9e21c172-a0d6-4948-82c4-4c68e1f79e5e/c72d353f-2ae5-4be5-b3b9-25d78d01c6c879c2.png]
[pro2-bar-s3-cdn-cf1.myportfolio.com/9e21c172-a0d6-4948-82c4-4c68e1f79e5e/c72d353f-2ae5-4be5-b3b9-25d78d01c6c8_rw_3840ccf5.png]
[pro2-bar-s3-cdn-cf1.myportfolio.com/9e21c172-a0d6-4948-82c4-4c68e1f79e5e/2d1cb86d-75e4-499c-b966-8c6ea0daf096a7a3.png]
[pro2-bar-s3-cdn-cf1.myportfolio.com/9e21c172-a0d6-4948-82c4-4c68e1f79e5e/2d1cb86d-75e4-499c-b966-8c6ea0daf096_rw_3840d308.png]
[pro2-bar-s3-cdn-cf2.myportfolio.com/9e21c172-a0d6-4948-82c4-4c68e1f79e5e/3cb071e5-b19a-420e-ac8c-1f81dc906960_rwc_0x0x2450x1837x2450ea0d.png]
[soobadina.co.uk/ogun.html]
[soobadina.co.uk/street-crime.html]
[soobadina.co.uk/peer-group.html]
[pro2-bar-s3-cdn-cf.myportfolio.com/9e21c172-a0d6-4948-82c4-4c68e1f79e5e/baf16d3bef590d690cbd58252a0dbec2162038308397bf.css]
[pro2-bar-s3-cdn-cf1.myportfolio.com/9e21c172-a0d6-4948-82c4-4c68e1f79e5e/9e22d332-cfd9-43d9-b2d6-b0d2ff1a79bff7f9.gif]
[pro2-bar-s3-cdn-cf1.myportfolio.com/9e21c172-a0d6-4948-82c4-4c68e1f79e5e/9e22d332-cfd9-43d9-b2d6-b0d2ff1a79bf_rw_60016b4.gif]
[pro2-bar-s3-cdn-cf4.myportfolio.com/9e21c172-a0d6-4948-82c4-4c68e1f79e5e/f0712d13-072c-4b4a-ab66-da6d9eb8672d5b09.gif]
[pro2-bar-s3-cdn-cf4.myportfolio.com/9e21c172-a0d6-4948-82c4-4c68e1f79e5e/f0712d13-072c-4b4a-ab66-da6d9eb8672d_rw_12003842.gif]
[pro2-bar-s3-cdn-cf3.myportfolio.com/9e21c172-a0d6-4948-82c4-4c68e1f79e5e/4dab8ec6-bfae-4d7b-bb35-38e64cd24518f227.png]
[pro2-bar-s3-cdn-cf3.myportfolio.com/9e21c172-a0d6-4948-82c4-4c68e1f79e5e/4dab8ec6-bfae-4d7b-bb35-38e64cd24518_rw_19200cc7.png]
[pro2-bar-s3-cdn-cf1.myportfolio.com/9e21c172-a0d6-4948-82c4-4c68e1f79e5e/2407389e-b41f-41e2-b0cc-aa30d02bc877a063.png]
[pro2-bar-s3-cdn-cf1.myportfolio.com/9e21c172-a0d6-4948-82c4-4c68e1f79e5e/2407389e-b41f-41e2-b0cc-aa30d02bc877_rw_19208fd8.png]
[pro2-bar-s3-cdn-cf1.myportfolio.com/9e21c172-a0d6-4948-82c4-4c68e1f79e5e/9246b7dd-9187-4c1f-8ed1-b8871178feaae4a7.png]
[pro2-bar-s3-cdn-cf1.myportfolio.com/9e21c172-a0d6-4948-82c4-4c68e1f79e5e/9246b7dd-9187-4c1f-8ed1-b8871178feaa_rw_19204961.png]
[pro2-bar-s3-cdn-cf4.myportfolio.com/9e21c172-a0d6-4948-82c4-4c68e1f79e5e/5211971e-9c13-4785-80c0-1c7b1425a557f264.png]
[pro2-bar-s3-cdn-cf4.myportfolio.com/9e21c172-a0d6-4948-82c4-4c68e1f79e5e/5211971e-9c13-4785-80c0-1c7b1425a557_rw_1920ad10.png]
[pro2-bar-s3-cdn-cf6.myportfolio.com/9e21c172-a0d6-4948-82c4-4c68e1f79e5e/abbed73e-a8ab-46fd-9b45-f4ba3e35b923a656.png]
[pro2-bar-s3-cdn-cf6.myportfolio.com/9e21c172-a0d6-4948-82c4-4c68e1f79e5e/abbed73e-a8ab-46fd-9b45-f4ba3e35b923_rw_19206670.png]
[pro2-bar-s3-cdn-cf.myportfolio.com/9e21c172-a0d6-4948-82c4-4c68e1f79e5e/b1019437-dbbd-4c9d-b5bc-28a01dd9014d098d.png]
[pro2-bar-s3-cdn-cf.myportfolio.com/9e21c172-a0d6-4948-82c4-4c68e1f79e5e/b1019437-dbbd-4c9d-b5bc-28a01dd9014d_rw_19204b21.png]
[pro2-bar-s3-cdn-cf.myportfolio.com/9e21c172-a0d6-4948-82c4-4c68e1f79e5e/8dae324b-d339-44b4-bc99-7640992a11940fe5.png]
[pro2-bar-s3-cdn-cf.myportfolio.com/9e21c172-a0d6-4948-82c4-4c68e1f79e5e/8dae324b-d339-44b4-bc99-7640992a1194_rw_1920398a.png]
[pro2-bar-s3-cdn-cf2.myportfolio.com/9e21c172-a0d6-4948-82c4-4c68e1f79e5e/d1a69b64-37eb-4a5f-9c00-571c53512e4e5fca.png]
[pro2-bar-s3-cdn-cf2.myportfolio.com/9e21c172-a0d6-4948-82c4-4c68e1f79e5e/d1a69b64-37eb-4a5f-9c00-571c53512e4e_rw_1920e535.png]
[pro2-bar-s3-cdn-cf6.myportfolio.com/9e21c172-a0d6-4948-82c4-4c68e1f79e5e/00548e20-3f85-4bf7-9730-4dfc18c55b5e4d67.png]
[pro2-bar-s3-cdn-cf6.myportfolio.com/9e21c172-a0d6-4948-82c4-4c68e1f79e5e/00548e20-3f85-4bf7-9730-4dfc18c55b5e_rw_19203f4c.png]
[pro2-bar-s3-cdn-cf.myportfolio.com/9e21c172-a0d6-4948-82c4-4c68e1f79e5e/8471dc82-2e15-43ab-a236-b6decbf1d95aafa4.png]
[pro2-bar-s3-cdn-cf.myportfolio.com/9e21c172-a0d6-4948-82c4-4c68e1f79e5e/8471dc82-2e15-43ab-a236-b6decbf1d95a_rw_19208ff4.png]
[pro2-bar-s3-cdn-cf6.myportfolio.com/9e21c172-a0d6-4948-82c4-4c68e1f79e5e/a9569d93-f3f7-4a86-b8f8-de22228453257083.png]
[pro2-bar-s3-cdn-cf6.myportfolio.com/9e21c172-a0d6-4948-82c4-4c68e1f79e5e/a9569d93-f3f7-4a86-b8f8-de2222845325_rw_19208bcc.png]
[pro2-bar-s3-cdn-cf1.myportfolio.com/9e21c172-a0d6-4948-82c4-4c68e1f79e5e/c2bf7c43-1377-4f10-8dfc-cfb764af481b_car_4x37b72.png]
[pro2-bar-s3-cdn-cf2.myportfolio.com/9e21c172-a0d6-4948-82c4-4c68e1f79e5e/d016bb7e-fb30-44b4-b08c-2e3685fd1e24_car_4x329cd.png]
[pro2-bar-s3-cdn-cf3.myportfolio.com/9e21c172-a0d6-4948-82c4-4c68e1f79e5e/47c49736-f9d0-45ba-bcee-68be3b50ba32_car_4x3cbae.png]
[pro2-bar-s3-cdn-cf1.myportfolio.com/9e21c172-a0d6-4948-82c4-4c68e1f79e5e/9055f3cd-5683-4e62-95ec-3db531883963_car_4x311ea.png]
[pro2-bar-s3-cdn-cf4.myportfolio.com/9e21c172-a0d6-4948-82c4-4c68e1f79e5e/fd042a0a-e89c-46d5-992c-0119e761a77d_car_4x329da.png]
[pro2-bar-s3-cdn-cf6.myportfolio.com/9e21c172-a0d6-4948-82c4-4c68e1f79e5e/aa141c22-8c37-4e4d-aa53-52ed9e2ffbf3_car_4x33a3e.png]
[pro2-bar-s3-cdn-cf2.myportfolio.com/9e21c172-a0d6-4948-82c4-4c68e1f79e5e/315184b8-4997-426e-94c2-f45917884846_rwc_409x457x812x609x812c78c.png]
[soobadina.co.uk/feathers.html]
[pro2-bar-s3-cdn-cf.myportfolio.com/9e21c172-a0d6-4948-82c4-4c68e1f79e5e/1f4a2a9b-36b2-4e27-a8d3-58ea049407a8_car_4x3e8f8.png]
[soobadina.co.uk/dress-a-girl.html]
[soobadina.co.uk/octagon-1.html]
[soobadina.co.uk/joyinc-campaign.html]
[soobadina.co.uk/retail-christianity-chude-jideonwo.html]
[pro2-bar-s3-cdn-cf1.myportfolio.com/9e21c172-a0d6-4948-82c4-4c68e1f79e5e/20ec5623-447f-4446-989a-bee5d59a9cd98e18.png]
[pro2-bar-s3-cdn-cf1.myportfolio.com/9e21c172-a0d6-4948-82c4-4c68e1f79e5e/20ec5623-447f-4446-989a-bee5d59a9cd9_rw_12005425.png]
[pro2-bar-s3-cdn-cf5.myportfolio.com/9e21c172-a0d6-4948-82c4-4c68e1f79e5e/6dbef1a9-42bc-40f0-97cd-f3352120679db3dc.png]
[pro2-bar-s3-cdn-cf5.myportfolio.com/9e21c172-a0d6-4948-82c4-4c68e1f79e5e/6dbef1a9-42bc-40f0-97cd-f3352120679d_rw_1200b039.png]
[pro2-bar-s3-cdn-cf6.myportfolio.com/9e21c172-a0d6-4948-82c4-4c68e1f79e5e/0f8da181-e2d2-4157-8d59-0a3d171b90c50d0f.png]
[pro2-bar-s3-cdn-cf6.myportfolio.com/9e21c172-a0d6-4948-82c4-4c68e1f79e5e/0f8da181-e2d2-4157-8d59-0a3d171b90c5_rw_1200a5d6.png]
[pro2-bar-s3-cdn-cf3.myportfolio.com/9e21c172-a0d6-4948-82c4-4c68e1f79e5e/41edd0b2-7563-4754-84bc-4a2447e11438d97d.png]
[pro2-bar-s3-cdn-cf3.myportfolio.com/9e21c172-a0d6-4948-82c4-4c68e1f79e5e/41edd0b2-7563-4754-84bc-4a2447e11438_rw_12007608.png]
[pro2-bar-s3-cdn-cf6.myportfolio.com/9e21c172-a0d6-4948-82c4-4c68e1f79e5e/a85bd09d-c8d4-43ea-85d7-7f7e04fac3048dba.png]
[pro2-bar-s3-cdn-cf6.myportfolio.com/9e21c172-a0d6-4948-82c4-4c68e1f79e5e/a85bd09d-c8d4-43ea-85d7-7f7e04fac304_rw_12000a13.png]
[pro2-bar-s3-cdn-cf.myportfolio.com/9e21c172-a0d6-4948-82c4-4c68e1f79e5e/8000d80d-29d1-48b9-9e6f-2473d3f89a649390.png]
[pro2-bar-s3-cdn-cf.myportfolio.com/9e21c172-a0d6-4948-82c4-4c68e1f79e5e/8000d80d-29d1-48b9-9e6f-2473d3f89a64_rw_120045f5.png]
[pro2-bar-s3-cdn-cf.myportfolio.com/9e21c172-a0d6-4948-82c4-4c68e1f79e5e/bb5fd084-ef33-4ad2-909c-dbe2178cbbe2a99a.png]
[pro2-bar-s3-cdn-cf.myportfolio.com/9e21c172-a0d6-4948-82c4-4c68e1f79e5e/bb5fd084-ef33-4ad2-909c-dbe2178cbbe2_rw_1200cf77.png]
[soobadina.co.uk/gemzone-fourthcanvas.html]
[pro2-bar-s3-cdn-cf.myportfolio.com/9e21c172-a0d6-4948-82c4-4c68e1f79e5e/830844ac4f91f51e506c8d039089f0fa1620383083ec2b.css]
[pro2-bar-s3-cdn-cf5.myportfolio.com/9e21c172-a0d6-4948-82c4-4c68e1f79e5e/65ae3ff65e47b0ed82fa52a7ce8fa2bc1620383083ab57.css]
[pro2-bar-s3-cdn-cf6.myportfolio.com/9e21c172-a0d6-4948-82c4-4c68e1f79e5e/a5618f59dc56cb9a95e5cc0aa0103d2716203830831611.css]
[pro2-bar-s3-cdn-cf4.myportfolio.com/9e21c172-a0d6-4948-82c4-4c68e1f79e5e/f80d043cacef030e0feb7d8841a546f9162038308309c0.css]
[pro2-bar-s3-cdn-cf6.myportfolio.com/9e21c172-a0d6-4948-82c4-4c68e1f79e5e/adee56305ccedf805143df23d5c90a371620383083a2eb.css]
[pro2-bar-s3-cdn-cf4.myportfolio.com/9e21c172-a0d6-4948-82c4-4c68e1f79e5e/55a1d8907174e87976f120070db146a5162038308344bb.css]
[pro2-bar-s3-cdn-cf3.myportfolio.com/9e21c172-a0d6-4948-82c4-4c68e1f79e5e/e474fd8be2c1048752ef28de23e320e416203830839b78.css]
[pro2-bar-s3-cdn-cf3.myportfolio.com/9e21c172-a0d6-4948-82c4-4c68e1f79e5e/48b40c386ed55007c7ec6e2a1fe5d8441620383083dbfb.css]
[pro2-bar-s3-cdn-cf6.myportfolio.com/9e21c172-a0d6-4948-82c4-4c68e1f79e5e/0519e7fb45cca90235e78b9a15e3e7f51620383083dc98.css]
[pro2-bar-s3-cdn-cf6.myportfolio.com/9e21c172-a0d6-4948-82c4-4c68e1f79e5e/717829a48b5fad64747b7bf2f577ae73162038308316ff.css]
